Error migrating table: item_master

Error: (pymysql.err.DataError) (1406, "Data too long for column 'supplier_url' at row 8")
[SQL: INSERT INTO item_master (id, sku, etsy_listing_id, title, description, category, sell_price, base_cost, calculated_cost, weight, dimensions, track_inventory, reorder_point, reorder_quantity, is_kit, storage_location, supplier_name, supplier_sku, supplier_url, lead_time_days, created_at, updated_at, last_synced, is_active, image_path) VALUES (%(id)s, %(sku)s, %(etsy_listing_id)s, %(title)s, %(description)s, %(category)s, %(sell_price)s, %(base_cost)s, %(calculated_cost)s, %(weight)s, %(dimensions)s, %(track_inventory)s, %(reorder_point)s, %(reorder_quantity)s, %(is_kit)s, %(storage_location)s, %(supplier_name)s, %(supplier_sku)s, %(supplier_url)s, %(lead_time_days)s, %(created_at)s, %(updated_at)s, %(last_synced)s, %(is_active)s, %(image_path)s)]
[parameters: [{'id': 1, 'sku': '001-01-001', 'etsy_listing_id': '00001', 'title': 'Coin Blanks, Stainless Steel, 1.25"', 'description': None, 'category': 'component', 'sell_price': None, 'base_cost': 2.69, 'calculated_cost': None, 'weight': None, 'dimensions': None, 'track_inventory': 1, 'reorder_point': 5, 'reorder_quantity': 10, 'is_kit': 0, 'storage_location': None, 'supplier_name': 'Amazon', 'supplier_sku': None, 'supplier_url': 'https://www.amazon.com/dp/B0CJ982CGF?ref=ppx_yo2ov_dt_b_fed_asin_title', 'lead_time_days': None, 'created_at': datetime.datetime(2025, 11, 17, 1, 51, 2, 230379), 'updated_at': datetime.datetime(2025, 11, 19, 1, 52, 11, 707007), 'last_synced': datetime.datetime(2025, 11, 17, 1, 51, 2, 229370), 'is_active': 1, 'image_path': 'C:/Users/sean/Downloads/71e40cXR8HL._AC_SL1500_.jpg'}, {'id': 2, 'sku': '001-02-002', 'etsy_listing_id': '00002', 'title': 'Coin Blanks, Brass, 1.57"x3mm', 'description': None, 'category': 'component', 'sell_price': None, 'base_cost': 2.25, 'calculated_cost': None, 'weight': None, 'dimensions': None, 'track_inventory': 1, 'reorder_point': 5, 'reorder_quantity': 10, 'is_kit': 0, 'storage_location': None, 'supplier_name': 'Amazon', 'supplier_sku': None, 'supplier_url': 'https://www.amazon.com/dp/B0FNJ5RG8K?ref=ppx_yo2ov_dt_b_fed_asin_title&th=1', 'lead_time_days': None, 'created_at': datetime.datetime(2025, 11, 17, 1, 52, 52, 137369), 'updated_at': datetime.datetime(2025, 11, 17, 3, 36, 6, 105399), 'last_synced': datetime.datetime(2025, 11, 17, 1, 52, 52, 137369), 'is_active': 1, 'image_path': None}, {'id': 3, 'sku': '002-001-001', 'etsy_listing_id': None, 'title': 'Brass Ager', 'description': 'Used to age brass', 'category': 'component', 'sell_price': None, 'base_cost': 9.99, 'calculated_cost': None, 'weight': 3.5, 'dimensions': None, 'track_inventory': 1, 'reorder_point': 0, 'reorder_quantity': 1, 'is_kit': 0, 'storage_location': None, 'supplier_name': 'Amazon', 'supplier_sku': None, 'supplier_url': 'https://www.amazon.com/dp/B0DNVQ6FY8?ref=ppx_yo2ov_dt_b_fed_asin_title&th=1', 'lead_time_days': None, 'created_at': datetime.datetime(2025, 11, 17, 3, 27, 44, 558425), 'updated_at': datetime.datetime(2025, 11, 17, 3, 34, 24, 818744), 'last_synced': None, 'is_active': 1, 'image_path': None}, {'id': 4, 'sku': '001-03-002', 'etsy_listing_id': None, 'title': 'Coin Blanks, Copper, 1.57"x3mm', 'description': 'Copper Coin blanks used in creating Challenge Coins', 'category': 'component', 'sell_price': None, 'base_cost': 2.1, 'calculated_cost': None, 'weight': None, 'dimensions': '1.57"x3mm', 'track_inventory': 1, 'reorder_point': 5, 'reorder_quantity': 20, 'is_kit': 0, 'storage_location': None, 'supplier_name': 'ComMarker', 'supplier_sku': None, 'supplier_url': 'https://store.commarker.com/products/blank-3mm-metal-coin-with-acrylic-protection-box-for-fiber-laser-engraver-20-pieces', 'lead_time_days': None, 'created_at': datetime.datetime(2025, 11, 17, 3, 43, 2, 656307), 'updated_at': datetime.datetime(2025, 11, 17, 3, 44, 30, 260467), 'last_synced': None, 'is_active': 1, 'image_path': None}, {'id': 5, 'sku': '001-04-002', 'etsy_listing_id': None, 'title': 'Coin Blanks, Zinc, 1.57x3mm', 'description': None, 'category': 'component', 'sell_price': None, 'base_cost': 2.1, 'calculated_cost': None, 'weight': None, 'dimensions': '1.57"x3mm', 'track_inventory': 1, 'reorder_point': 5, 'reorder_quantity': 10, 'is_kit': 0, 'storage_location': None, 'supplier_name': 'ComMarker', 'supplier_sku': None, 'supplier_url': 'https://store.commarker.com/products/blank-3mm-metal-coin-with-acrylic-protection-box-for-fiber-laser-engraver-20-pieces', 'lead_time_days': None, 'created_at': datetime.datetime(2025, 11, 17, 3, 44, 21, 735768), 'updated_at': datetime.datetime(2025, 11, 17, 3, 44, 21, 735768), 'last_synced': None, 'is_active': 1, 'image_path': None}, {'id': 6, 'sku': '003-001-001', 'etsy_listing_id': None, 'title': 'Aluminum Business Card - Black', 'description': None, 'category': 'component', 'sell_price': None, 'base_cost': 0.3, 'calculated_cost': None, 'weight': None, 'dimensions': '3.3"x2.1"', 'track_inventory': 1, 'reorder_point': 5, 'reorder_quantity': 10, 'is_kit': 0, 'storage_location': None, 'supplier_name': 'ComMarker', 'supplier_sku': None, 'supplier_url': 'https://store.commarker.com/products/aluminum-business-card-for-fiber-laser-engraver-50pcs', 'lead_time_days': None, 'created_at': datetime.datetime(2025, 11, 17, 3, 47, 1, 235559), 'updated_at': datetime.datetime(2025, 11, 17, 3, 47, 1, 235559), 'last_synced': None, 'is_active': 1, 'image_path': None}, {'id': 7, 'sku': 'COIN-TYFYS -01', 'etsy_listing_id': None, 'title': 'TYFYS Aged Brass Coin', 'description': None, 'category': 'kit', 'sell_price': 29.99, 'base_cost': None, 'calculated_cost': 2.3499, 'weight': None, 'dimensions': None, 'track_inventory': 1, 'reorder_point': 5, 'reorder_quantity': 10, 'is_kit': 1, 'storage_location': None, 'supplier_name': None, 'supplier_sku': None, 'supplier_url': None, 'lead_time_days': None, 'created_at': datetime.datetime(2025, 11, 17, 18, 44, 13, 354918), 'updated_at': datetime.datetime(2025, 11, 17, 18, 44, 13, 369390), 'last_synced': None, 'is_active': 1, 'image_path': None}, {'id': 8, 'sku': 'PKG-001-001', 'etsy_listing_id': None, 'title': 'RLAVBL 4.6x2.2x2.2 Small Shipping Boxes', 'description': 'Set of 100, Brown Corrugated Cardboard Box, Mailer Box', 'category': 'raw material', 'sell_price': None, 'base_cost': 0.26, 'calculated_cost': None, 'weight': 0.8, 'dimensions': '4.6x2.2x2.2', 'track_inventory': 1, 'reorder_point': 15, 'reorder_quantity': 100, 'is_kit': 0, 'storage_location': None, 'supplier_name': 'Amazon', 'supplier_sku': None, 'supplier_url': 'https://www.amazon.com/RLAVBL-4-6x2-2x2-2-Shipping-Corrugated-Cardboard/dp/B0CL3SKDN6/ref=sxin_16_pa_sp_search_thematic-asin_sspa?content-id=amzn1.sy ... (414 characters truncated) ... ate%2Bboxes%2Bsmall%2Caps%2C388&sr=1-2-baa1f287-65d3-41a3-a655-8bbba0531537-spons&aref=TjozwKbxv8&sp_csd=d2lkZ2V0TmFtZT1zcF9zZWFyY2hfdGhlbWF0aWM&th=1', 'lead_time_days': None, 'created_at': datetime.datetime(2025, 11, 17, 18, 48, 16, 685302), 'updated_at': datetime.datetime(2025, 11, 17, 18, 49, 14, 264044), 'last_synced': None, 'is_active': 1, 'image_path': None}  ... displaying 10 of 28 total bound parameter sets ...  {'id': 27, 'sku': '005-01-001', 'etsy_listing_id': None, 'title': 'Stainless Steel Bangle Blanks', 'description': 'Hicarer 18 Pieces Bracelet Blanks Stainless Steel Bangle Blanks DIY Cuff Bracelet Blanks for Making Presents Stamping Jewelry, 3/8 x 6 Inches', 'category': 'component', 'sell_price': 10.99, 'base_cost': 0.94, 'calculated_cost': None, 'weight': None, 'dimensions': None, 'track_inventory': 1, 'reorder_point': 0, 'reorder_quantity': 18, 'is_kit': 0, 'storage_location': None, 'supplier_name': 'Amazon', 'supplier_sku': None, 'supplier_url': 'https://www.amazon.com/dp/B0842QHSTY', 'lead_time_days': None, 'created_at': datetime.datetime(2025, 11, 18, 13, 43, 47, 141939), 'updated_at': datetime.datetime(2025, 11, 18, 13, 43, 47, 141939), 'last_synced': None, 'is_active': 1, 'image_path': None}, {'id': 28, 'sku': '006-01-001', 'etsy_listing_id': None, 'title': 'Stainless Steel Blank Tags', 'description': 'StayMax 25 Pack Stainless Steel Blank Tags Rectangle Stamping Blanks with Two Holes', 'category': 'component', 'sell_price': 5.0, 'base_cost': 0.58, 'calculated_cost': None, 'weight': None, 'dimensions': None, 'track_inventory': 1, 'reorder_point': 5, 'reorder_quantity': 25, 'is_kit': 0, 'storage_location': None, 'supplier_name': 'Amazon ', 'supplier_sku': None, 'supplier_url': 'https://www.amazon.com/dp/B08YDGWQLC', 'lead_time_days': None, 'created_at': datetime.datetime(2025, 11, 18, 13, 46, 56, 598199), 'updated_at': datetime.datetime(2025, 11, 18, 13, 46, 56, 598199), 'last_synced': None, 'is_active': 1, 'image_path': None}]]
(Background on this error at: https://sqlalche.me/e/20/9h9h)
Traceback (most recent call last):
  File "C:\Users\sean\OneDrive\Documents\etsyapp\.venv\Lib\site-packages\sqlalchemy\engine\base.py", line 1936, in _exec_single_context
    self.dialect.do_executemany(
  File "C:\Users\sean\OneDrive\Documents\etsyapp\.venv\Lib\site-packages\sqlalchemy\dialects\mysql\mysqldb.py", line 196, in do_executemany
    rowcount = cursor.executemany(statement, parameters)
               ^^^^^^^^^^^^^^^^^^^^^^^^^^^^^^^^^^^^^^^^^
  File "C:\Users\sean\OneDrive\Documents\etsyapp\.venv\Lib\site-packages\pymysql\cursors.py", line 182, in executemany
    return self._do_execute_many(
           ^^^^^^^^^^^^^^^^^^^^^^
  File "C:\Users\sean\OneDrive\Documents\etsyapp\.venv\Lib\site-packages\pymysql\cursors.py", line 220, in _do_execute_many
    rows += self.execute(sql + postfix)
            ^^^^^^^^^^^^^^^^^^^^^^^^^^^
  File "C:\Users\sean\OneDrive\Documents\etsyapp\.venv\Lib\site-packages\pymysql\cursors.py", line 153, in execute
    result = self._query(query)
             ^^^^^^^^^^^^^^^^^^
  File "C:\Users\sean\OneDrive\Documents\etsyapp\.venv\Lib\site-packages\pymysql\cursors.py", line 322, in _query
    conn.query(q)
  File "C:\Users\sean\OneDrive\Documents\etsyapp\.venv\Lib\site-packages\pymysql\connections.py", line 575, in query
    self._affected_rows = self._read_query_result(unbuffered=unbuffered)
                          ^^^^^^^^^^^^^^^^^^^^^^^^^^^^^^^^^^^^^^^^^^^^^^
  File "C:\Users\sean\OneDrive\Documents\etsyapp\.venv\Lib\site-packages\pymysql\connections.py", line 826, in _read_query_result
    result.read()
  File "C:\Users\sean\OneDrive\Documents\etsyapp\.venv\Lib\site-packages\pymysql\connections.py", line 1203, in read
    first_packet = self.connection._read_packet()
                   ^^^^^^^^^^^^^^^^^^^^^^^^^^^^^^
  File "C:\Users\sean\OneDrive\Documents\etsyapp\.venv\Lib\site-packages\pymysql\connections.py", line 782, in _read_packet
    packet.raise_for_error()
  File "C:\Users\sean\OneDrive\Documents\etsyapp\.venv\Lib\site-packages\pymysql\protocol.py", line 219, in raise_for_error
    err.raise_mysql_exception(self._data)
  File "C:\Users\sean\OneDrive\Documents\etsyapp\.venv\Lib\site-packages\pymysql\err.py", line 150, in raise_mysql_exception
    raise errorclass(errno, errval)
pymysql.err.DataError: (1406, "Data too long for column 'supplier_url' at row 8")

The above exception was the direct cause of the following exception:

Traceback (most recent call last):
  File "C:\Users\sean\OneDrive\Documents\etsyapp\database_manager.py", line 158, in migrate_database
    target_conn.execute(table.insert(), data)
  File "C:\Users\sean\OneDrive\Documents\etsyapp\.venv\Lib\site-packages\sqlalchemy\engine\base.py", line 1419, in execute
    return meth(
           ^^^^^
  File "C:\Users\sean\OneDrive\Documents\etsyapp\.venv\Lib\site-packages\sqlalchemy\sql\elements.py", line 526, in _execute_on_connection
    return connection._execute_clauseelement(
           ^^^^^^^^^^^^^^^^^^^^^^^^^^^^^^^^^^
  File "C:\Users\sean\OneDrive\Documents\etsyapp\.venv\Lib\site-packages\sqlalchemy\engine\base.py", line 1641, in _execute_clauseelement
    ret = self._execute_context(
          ^^^^^^^^^^^^^^^^^^^^^^
  File "C:\Users\sean\OneDrive\Documents\etsyapp\.venv\Lib\site-packages\sqlalchemy\engine\base.py", line 1846, in _execute_context
    return self._exec_single_context(
           ^^^^^^^^^^^^^^^^^^^^^^^^^^
  File "C:\Users\sean\OneDrive\Documents\etsyapp\.venv\Lib\site-packages\sqlalchemy\engine\base.py", line 1986, in _exec_single_context
    self._handle_dbapi_exception(
  File "C:\Users\sean\OneDrive\Documents\etsyapp\.venv\Lib\site-packages\sqlalchemy\engine\base.py", line 2355, in _handle_dbapi_exception
    raise sqlalchemy_exception.with_traceback(exc_info[2]) from e
  File "C:\Users\sean\OneDrive\Documents\etsyapp\.venv\Lib\site-packages\sqlalchemy\engine\base.py", line 1936, in _exec_single_context
    self.dialect.do_executemany(
  File "C:\Users\sean\OneDrive\Documents\etsyapp\.venv\Lib\site-packages\sqlalchemy\dialects\mysql\mysqldb.py", line 196, in do_executemany
    rowcount = cursor.executemany(statement, parameters)
               ^^^^^^^^^^^^^^^^^^^^^^^^^^^^^^^^^^^^^^^^^
  File "C:\Users\sean\OneDrive\Documents\etsyapp\.venv\Lib\site-packages\pymysql\cursors.py", line 182, in executemany
    return self._do_execute_many(
           ^^^^^^^^^^^^^^^^^^^^^^
  File "C:\Users\sean\OneDrive\Documents\etsyapp\.venv\Lib\site-packages\pymysql\cursors.py", line 220, in _do_execute_many
    rows += self.execute(sql + postfix)
            ^^^^^^^^^^^^^^^^^^^^^^^^^^^
  File "C:\Users\sean\OneDrive\Documents\etsyapp\.venv\Lib\site-packages\pymysql\cursors.py", line 153, in execute
    result = self._query(query)
             ^^^^^^^^^^^^^^^^^^
  File "C:\Users\sean\OneDrive\Documents\etsyapp\.venv\Lib\site-packages\pymysql\cursors.py", line 322, in _query
    conn.query(q)
  File "C:\Users\sean\OneDrive\Documents\etsyapp\.venv\Lib\site-packages\pymysql\connections.py", line 575, in query
    self._affected_rows = self._read_query_result(unbuffered=unbuffered)
                          ^^^^^^^^^^^^^^^^^^^^^^^^^^^^^^^^^^^^^^^^^^^^^^
  File "C:\Users\sean\OneDrive\Documents\etsyapp\.venv\Lib\site-packages\pymysql\connections.py", line 826, in _read_query_result
    result.read()
  File "C:\Users\sean\OneDrive\Documents\etsyapp\.venv\Lib\site-packages\pymysql\connections.py", line 1203, in read
    first_packet = self.connection._read_packet()
                   ^^^^^^^^^^^^^^^^^^^^^^^^^^^^^^
  File "C:\Users\sean\OneDrive\Documents\etsyapp\.venv\Lib\site-packages\pymysql\connections.py", line 782, in _read_packet
    packet.raise_for_error()
  File "C:\Users\sean\OneDrive\Documents\etsyapp\.venv\Lib\site-packages\pymysql\protocol.py", line 219, in raise_for_error
    err.raise_mysql_exception(self._data)
  File "C:\Users\sean\OneDrive\Documents\etsyapp\.venv\Lib\site-packages\pymysql\err.py", line 150, in raise_mysql_exception
    raise errorclass(errno, errval)
sqlalchemy.exc.DataError: (pymysql.err.DataError) (1406, "Data too long for column 'supplier_url' at row 8")
[SQL: INSERT INTO item_master (id, sku, etsy_listing_id, title, description, category, sell_price, base_cost, calculated_cost, weight, dimensions, track_inventory, reorder_point, reorder_quantity, is_kit, storage_location, supplier_name, supplier_sku, supplier_url, lead_time_days, created_at, updated_at, last_synced, is_active, image_path) VALUES (%(id)s, %(sku)s, %(etsy_listing_id)s, %(title)s, %(description)s, %(category)s, %(sell_price)s, %(base_cost)s, %(calculated_cost)s, %(weight)s, %(dimensions)s, %(track_inventory)s, %(reorder_point)s, %(reorder_quantity)s, %(is_kit)s, %(storage_location)s, %(supplier_name)s, %(supplier_sku)s, %(supplier_url)s, %(lead_time_days)s, %(created_at)s, %(updated_at)s, %(last_synced)s, %(is_active)s, %(image_path)s)]
[parameters: [{'id': 1, 'sku': '001-01-001', 'etsy_listing_id': '00001', 'title': 'Coin Blanks, Stainless Steel, 1.25"', 'description': None, 'category': 'component', 'sell_price': None, 'base_cost': 2.69, 'calculated_cost': None, 'weight': None, 'dimensions': None, 'track_inventory': 1, 'reorder_point': 5, 'reorder_quantity': 10, 'is_kit': 0, 'storage_location': None, 'supplier_name': 'Amazon', 'supplier_sku': None, 'supplier_url': 'https://www.amazon.com/dp/B0CJ982CGF?ref=ppx_yo2ov_dt_b_fed_asin_title', 'lead_time_days': None, 'created_at': datetime.datetime(2025, 11, 17, 1, 51, 2, 230379), 'updated_at': datetime.datetime(2025, 11, 19, 1, 52, 11, 707007), 'last_synced': datetime.datetime(2025, 11, 17, 1, 51, 2, 229370), 'is_active': 1, 'image_path': 'C:/Users/sean/Downloads/71e40cXR8HL._AC_SL1500_.jpg'}, {'id': 2, 'sku': '001-02-002', 'etsy_listing_id': '00002', 'title': 'Coin Blanks, Brass, 1.57"x3mm', 'description': None, 'category': 'component', 'sell_price': None, 'base_cost': 2.25, 'calculated_cost': None, 'weight': None, 'dimensions': None, 'track_inventory': 1, 'reorder_point': 5, 'reorder_quantity': 10, 'is_kit': 0, 'storage_location': None, 'supplier_name': 'Amazon', 'supplier_sku': None, 'supplier_url': 'https://www.amazon.com/dp/B0FNJ5RG8K?ref=ppx_yo2ov_dt_b_fed_asin_title&th=1', 'lead_time_days': None, 'created_at': datetime.datetime(2025, 11, 17, 1, 52, 52, 137369), 'updated_at': datetime.datetime(2025, 11, 17, 3, 36, 6, 105399), 'last_synced': datetime.datetime(2025, 11, 17, 1, 52, 52, 137369), 'is_active': 1, 'image_path': None}, {'id': 3, 'sku': '002-001-001', 'etsy_listing_id': None, 'title': 'Brass Ager', 'description': 'Used to age brass', 'category': 'component', 'sell_price': None, 'base_cost': 9.99, 'calculated_cost': None, 'weight': 3.5, 'dimensions': None, 'track_inventory': 1, 'reorder_point': 0, 'reorder_quantity': 1, 'is_kit': 0, 'storage_location': None, 'supplier_name': 'Amazon', 'supplier_sku': None, 'supplier_url': 'https://www.amazon.com/dp/B0DNVQ6FY8?ref=ppx_yo2ov_dt_b_fed_asin_title&th=1', 'lead_time_days': None, 'created_at': datetime.datetime(2025, 11, 17, 3, 27, 44, 558425), 'updated_at': datetime.datetime(2025, 11, 17, 3, 34, 24, 818744), 'last_synced': None, 'is_active': 1, 'image_path': None}, {'id': 4, 'sku': '001-03-002', 'etsy_listing_id': None, 'title': 'Coin Blanks, Copper, 1.57"x3mm', 'description': 'Copper Coin blanks used in creating Challenge Coins', 'category': 'component', 'sell_price': None, 'base_cost': 2.1, 'calculated_cost': None, 'weight': None, 'dimensions': '1.57"x3mm', 'track_inventory': 1, 'reorder_point': 5, 'reorder_quantity': 20, 'is_kit': 0, 'storage_location': None, 'supplier_name': 'ComMarker', 'supplier_sku': None, 'supplier_url': 'https://store.commarker.com/products/blank-3mm-metal-coin-with-acrylic-protection-box-for-fiber-laser-engraver-20-pieces', 'lead_time_days': None, 'created_at': datetime.datetime(2025, 11, 17, 3, 43, 2, 656307), 'updated_at': datetime.datetime(2025, 11, 17, 3, 44, 30, 260467), 'last_synced': None, 'is_active': 1, 'image_path': None}, {'id': 5, 'sku': '001-04-002', 'etsy_listing_id': None, 'title': 'Coin Blanks, Zinc, 1.57x3mm', 'description': None, 'category': 'component', 'sell_price': None, 'base_cost': 2.1, 'calculated_cost': None, 'weight': None, 'dimensions': '1.57"x3mm', 'track_inventory': 1, 'reorder_point': 5, 'reorder_quantity': 10, 'is_kit': 0, 'storage_location': None, 'supplier_name': 'ComMarker', 'supplier_sku': None, 'supplier_url': 'https://store.commarker.com/products/blank-3mm-metal-coin-with-acrylic-protection-box-for-fiber-laser-engraver-20-pieces', 'lead_time_days': None, 'created_at': datetime.datetime(2025, 11, 17, 3, 44, 21, 735768), 'updated_at': datetime.datetime(2025, 11, 17, 3, 44, 21, 735768), 'last_synced': None, 'is_active': 1, 'image_path': None}, {'id': 6, 'sku': '003-001-001', 'etsy_listing_id': None, 'title': 'Aluminum Business Card - Black', 'description': None, 'category': 'component', 'sell_price': None, 'base_cost': 0.3, 'calculated_cost': None, 'weight': None, 'dimensions': '3.3"x2.1"', 'track_inventory': 1, 'reorder_point': 5, 'reorder_quantity': 10, 'is_kit': 0, 'storage_location': None, 'supplier_name': 'ComMarker', 'supplier_sku': None, 'supplier_url': 'https://store.commarker.com/products/aluminum-business-card-for-fiber-laser-engraver-50pcs', 'lead_time_days': None, 'created_at': datetime.datetime(2025, 11, 17, 3, 47, 1, 235559), 'updated_at': datetime.datetime(2025, 11, 17, 3, 47, 1, 235559), 'last_synced': None, 'is_active': 1, 'image_path': None}, {'id': 7, 'sku': 'COIN-TYFYS -01', 'etsy_listing_id': None, 'title': 'TYFYS Aged Brass Coin', 'description': None, 'category': 'kit', 'sell_price': 29.99, 'base_cost': None, 'calculated_cost': 2.3499, 'weight': None, 'dimensions': None, 'track_inventory': 1, 'reorder_point': 5, 'reorder_quantity': 10, 'is_kit': 1, 'storage_location': None, 'supplier_name': None, 'supplier_sku': None, 'supplier_url': None, 'lead_time_days': None, 'created_at': datetime.datetime(2025, 11, 17, 18, 44, 13, 354918), 'updated_at': datetime.datetime(2025, 11, 17, 18, 44, 13, 369390), 'last_synced': None, 'is_active': 1, 'image_path': None}, {'id': 8, 'sku': 'PKG-001-001', 'etsy_listing_id': None, 'title': 'RLAVBL 4.6x2.2x2.2 Small Shipping Boxes', 'description': 'Set of 100, Brown Corrugated Cardboard Box, Mailer Box', 'category': 'raw material', 'sell_price': None, 'base_cost': 0.26, 'calculated_cost': None, 'weight': 0.8, 'dimensions': '4.6x2.2x2.2', 'track_inventory': 1, 'reorder_point': 15, 'reorder_quantity': 100, 'is_kit': 0, 'storage_location': None, 'supplier_name': 'Amazon', 'supplier_sku': None, 'supplier_url': 'https://www.amazon.com/RLAVBL-4-6x2-2x2-2-Shipping-Corrugated-Cardboard/dp/B0CL3SKDN6/ref=sxin_16_pa_sp_search_thematic-asin_sspa?content-id=amzn1.sy ... (414 characters truncated) ... ate%2Bboxes%2Bsmall%2Caps%2C388&sr=1-2-baa1f287-65d3-41a3-a655-8bbba0531537-spons&aref=TjozwKbxv8&sp_csd=d2lkZ2V0TmFtZT1zcF9zZWFyY2hfdGhlbWF0aWM&th=1', 'lead_time_days': None, 'created_at': datetime.datetime(2025, 11, 17, 18, 48, 16, 685302), 'updated_at': datetime.datetime(2025, 11, 17, 18, 49, 14, 264044), 'last_synced': None, 'is_active': 1, 'image_path': None}  ... displaying 10 of 28 total bound parameter sets ...  {'id': 27, 'sku': '005-01-001', 'etsy_listing_id': None, 'title': 'Stainless Steel Bangle Blanks', 'description': 'Hicarer 18 Pieces Bracelet Blanks Stainless Steel Bangle Blanks DIY Cuff Bracelet Blanks for Making Presents Stamping Jewelry, 3/8 x 6 Inches', 'category': 'component', 'sell_price': 10.99, 'base_cost': 0.94, 'calculated_cost': None, 'weight': None, 'dimensions': None, 'track_inventory': 1, 'reorder_point': 0, 'reorder_quantity': 18, 'is_kit': 0, 'storage_location': None, 'supplier_name': 'Amazon', 'supplier_sku': None, 'supplier_url': 'https://www.amazon.com/dp/B0842QHSTY', 'lead_time_days': None, 'created_at': datetime.datetime(2025, 11, 18, 13, 43, 47, 141939), 'updated_at': datetime.datetime(2025, 11, 18, 13, 43, 47, 141939), 'last_synced': None, 'is_active': 1, 'image_path': None}, {'id': 28, 'sku': '006-01-001', 'etsy_listing_id': None, 'title': 'Stainless Steel Blank Tags', 'description': 'StayMax 25 Pack Stainless Steel Blank Tags Rectangle Stamping Blanks with Two Holes', 'category': 'component', 'sell_price': 5.0, 'base_cost': 0.58, 'calculated_cost': None, 'weight': None, 'dimensions': None, 'track_inventory': 1, 'reorder_point': 5, 'reorder_quantity': 25, 'is_kit': 0, 'storage_location': None, 'supplier_name': 'Amazon ', 'supplier_sku': None, 'supplier_url': 'https://www.amazon.com/dp/B08YDGWQLC', 'lead_time_days': None, 'created_at': datetime.datetime(2025, 11, 18, 13, 46, 56, 598199), 'updated_at': datetime.datetime(2025, 11, 18, 13, 46, 56, 598199), 'last_synced': None, 'is_active': 1, 'image_path': None}]]
(Background on this error at: https://sqlalche.me/e/20/9h9h)
